<?xml version="1.0" encoding="UTF-8"?>
<testng-results skipped="0" failed="0" ignored="0" total="1" passed="1">
  <reporter-output>
  </reporter-output>
  <suite name="Default suite" duration-ms="46636" started-at="2018-04-12T18:11:14Z" finished-at="2018-04-12T18:12:00Z">
    <groups>
    </groups>
    <test name="Default test" duration-ms="46636" started-at="2018-04-12T18:11:14Z" finished-at="2018-04-12T18:12:00Z">
      <class name="testcases.TC002_MergeLead">
        <test-method status="PASS" signature="beforeSuite()[pri:0, instance:testcases.TC002_MergeLead@c0a365]" name="beforeSuite" is-config="true" duration-ms="795" started-at="2018-04-12T18:11:13Z" finished-at="2018-04-12T18:11:14Z">
          <reporter-output>
          </reporter-output>
        </test-method> <!-- beforeSuite -->
        <test-method status="PASS" signature="setData()[pri:0, instance:testcases.TC002_MergeLead@c0a365]" name="setData" is-config="true" duration-ms="0" started-at="2018-04-12T18:11:14Z" finished-at="2018-04-12T18:11:14Z">
          <reporter-output>
          </reporter-output>
        </test-method> <!-- setData -->
        <test-method status="PASS" signature="beforeClass()[pri:0, instance:testcases.TC002_MergeLead@c0a365]" name="beforeClass" is-config="true" duration-ms="0" started-at="2018-04-12T18:11:14Z" finished-at="2018-04-12T18:11:14Z">
          <reporter-output>
          </reporter-output>
        </test-method> <!-- beforeClass -->
        <test-method status="PASS" signature="beforeMethod()[pri:0, instance:testcases.TC002_MergeLead@c0a365]" name="beforeMethod" is-config="true" duration-ms="6940" started-at="2018-04-12T18:11:14Z" finished-at="2018-04-12T18:11:21Z">
          <reporter-output>
          </reporter-output>
        </test-method> <!-- beforeMethod -->
        <test-method status="PASS" signature="mergeLead(java.lang.String, java.lang.String, java.lang.String, java.lang.String, java.lang.String)[pri:0, instance:testcases.TC002_MergeLead@c0a365]" name="mergeLead" duration-ms="38478" started-at="2018-04-12T18:11:21Z" data-provider="fetchData" finished-at="2018-04-12T18:12:00Z">
          <params>
            <param index="0">
              <value>
                <![CDATA[DemoSalesManager]]>
              </value>
            </param>
            <param index="1">
              <value>
                <![CDATA[crmsfa]]>
              </value>
            </param>
            <param index="2">
              <value>
                <![CDATA[10998]]>
              </value>
            </param>
            <param index="3">
              <value>
                <![CDATA[11003]]>
              </value>
            </param>
            <param index="4">
              <value>
                <![CDATA[No records to display]]>
              </value>
            </param>
          </params>
          <reporter-output>
          </reporter-output>
        </test-method> <!-- mergeLead -->
        <test-method status="PASS" signature="afterMethod()[pri:0, instance:testcases.TC002_MergeLead@c0a365]" name="afterMethod" is-config="true" duration-ms="624" started-at="2018-04-12T18:12:00Z" finished-at="2018-04-12T18:12:00Z">
          <reporter-output>
          </reporter-output>
        </test-method> <!-- afterMethod -->
        <test-method status="PASS" signature="afterTest()[pri:0, instance:testcases.TC002_MergeLead@c0a365]" name="afterTest" is-config="true" duration-ms="0" started-at="2018-04-12T18:12:00Z" finished-at="2018-04-12T18:12:00Z">
          <reporter-output>
          </reporter-output>
        </test-method> <!-- afterTest -->
        <test-method status="PASS" signature="afterSuite()[pri:0, instance:testcases.TC002_MergeLead@c0a365]" name="afterSuite" is-config="true" duration-ms="469" started-at="2018-04-12T18:12:00Z" finished-at="2018-04-12T18:12:01Z">
          <reporter-output>
          </reporter-output>
        </test-method> <!-- afterSuite -->
      </class> <!-- testcases.TC002_MergeLead -->
    </test> <!-- Default test -->
  </suite> <!-- Default suite -->
</testng-results>
